<?xml version="1.0" encoding="UTF-8"?>
<!-- Generated by org.testng.reporters.JUnitXMLReporter -->
<testsuite ignored="0" hostname="LAPTOP-SQU8MQNL" failures="0" tests="3" name="Default test" time="86.087" errors="0" timestamp="2022-10-30T12:14:23 IST">
  <testcase classname="rahulshettyacademy.Tests.SubmitOrderTest3" name="submitOrder" time="14.362"/>
  <testcase classname="rahulshettyacademy.Tests.SubmitOrderTest3" name="submitOrder" time="14.372"/>
  <testcase classname="rahulshettyacademy.Tests.SubmitOrderTest3" name="OrderHistoryTest" time="0.564"/>
</testsuite> <!-- Default test -->
