<?xml version="1.0" encoding="UTF-8"?>
<!-- Generated by org.testng.reporters.JUnitXMLReporter -->
<testsuite ignored="0" hostname="LAPTOP-SQU8MQNL" failures="0" tests="3" name="Submit Order Test with Json" time="75.028" errors="0" timestamp="2022-10-24T14:50:54 IST">
  <testcase classname="rahulshettyacademy.Tests.SubmitOrderTest3" name="submitOrder" time="15.033"/>
  <testcase classname="rahulshettyacademy.Tests.SubmitOrderTest3" name="submitOrder" time="14.617"/>
  <testcase classname="rahulshettyacademy.Tests.SubmitOrderTest3" name="OrderHistoryTest" time="0.65"/>
</testsuite> <!-- Submit Order Test with Json -->
