<?xml version="1.0" encoding="UTF-8"?>
<!-- Generated by org.testng.reporters.JUnitXMLReporter -->
<testsuite ignored="2" hostname="LAPTOP-SQU8MQNL" failures="0" tests="0" time="0.02" errors="0" timestamp="2022-10-24T14:34:27 IST">
  <testcase classname="rahulshettyacademy.Tests.ErrorValidations" name="IncorrectEmail" time="0.0">
    <ignored/>
  </testcase> <!-- IncorrectEmail -->
  <testcase classname="rahulshettyacademy.Tests.ErrorValidations" name="IncorrectPassword" time="0.0">
    <ignored/>
  </testcase> <!-- IncorrectPassword -->
</testsuite>
